<?xml version="1.0" encoding="UTF-8"?>
<testng-results ignored="0" total="1" passed="1" failed="0" skipped="0">
  <reporter-output>
  </reporter-output>
  <suite started-at="2021-04-12T11:10:49Z" name="TestDemo" finished-at="2021-04-12T11:11:03Z" duration-ms="13913">
    <groups>
    </groups>
    <test started-at="2021-04-12T11:10:49Z" name="Test_1" finished-at="2021-04-12T11:11:03Z" duration-ms="13913">
      <class name="Test1">
        <test-method is-config="true" signature="beforeMethod()[pri:0, instance:Test1@1acaf3d]" started-at="2021-04-12T11:10:49Z" name="beforeMethod" finished-at="2021-04-12T11:10:49Z" duration-ms="15" status="PASS">
          <reporter-output>
          </reporter-output>
        </test-method> <!-- beforeMethod -->
        <test-method signature="f()[pri:0, instance:Test1@1acaf3d]" started-at="2021-04-12T11:10:49Z" name="f" finished-at="2021-04-12T11:11:02Z" duration-ms="12877" status="PASS">
          <reporter-output>
          </reporter-output>
        </test-method> <!-- f -->
        <test-method is-config="true" signature="afterMethod()[pri:0, instance:Test1@1acaf3d]" started-at="2021-04-12T11:11:02Z" name="afterMethod" finished-at="2021-04-12T11:11:03Z" duration-ms="961" status="PASS">
          <reporter-output>
          </reporter-output>
        </test-method> <!-- afterMethod -->
      </class> <!-- Test1 -->
    </test> <!-- Test_1 -->
  </suite> <!-- TestDemo -->
</testng-results>
