<?xml version="1.0" encoding="UTF-8"?>
<testng-results ignored="0" total="1" passed="1" failed="0" skipped="0">
  <reporter-output>
  </reporter-output>
  <suite started-at="2021-04-12T14:15:14 IST" name="TestDemo" finished-at="2021-04-12T14:15:21 IST" duration-ms="6803">
    <groups>
    </groups>
    <test started-at="2021-04-12T14:15:14 IST" name="Test_1" finished-at="2021-04-12T14:15:21 IST" duration-ms="6803">
      <class name="Test1">
        <test-method is-config="true" signature="beforeMethod()[pri:0, instance:Test1@6a03bcb1]" started-at="2021-04-12T14:15:14 IST" name="beforeMethod" finished-at="2021-04-12T14:15:14 IST" duration-ms="7" status="PASS">
          <reporter-output>
          </reporter-output>
        </test-method> <!-- beforeMethod -->
        <test-method signature="f()[pri:0, instance:Test1@6a03bcb1]" started-at="2021-04-12T14:15:14 IST" name="f" finished-at="2021-04-12T14:15:19 IST" duration-ms="5685" status="PASS">
          <reporter-output>
          </reporter-output>
        </test-method> <!-- f -->
        <test-method is-config="true" signature="afterMethod()[pri:0, instance:Test1@6a03bcb1]" started-at="2021-04-12T14:15:19 IST" name="afterMethod" finished-at="2021-04-12T14:15:21 IST" duration-ms="1060" status="PASS">
          <reporter-output>
          </reporter-output>
        </test-method> <!-- afterMethod -->
      </class> <!-- Test1 -->
    </test> <!-- Test_1 -->
  </suite> <!-- TestDemo -->
</testng-results>
